  group_bulk_read.cpp
c:\program files (x86)\v-rep3\v-rep_pro_edu\programming\v_repexter\dynamixel\c++\src\dynamixel_sdk\../../include/dynamixel_sdk/group_bulk_read.h(51): warning C4251: 'dynamixel::GroupBulkRead::id_list_': class 'std::vector<uint8_t,std::allocator<_Ty>>' needs to have dll-interface to be used by clients of class 'dynamixel::GroupBulkRead'
          with
          [
              _Ty=uint8_t
          ]
c:\program files (x86)\v-rep3\v-rep_pro_edu\programming\v_repexter\dynamixel\c++\src\dynamixel_sdk\../../include/dynamixel_sdk/group_bulk_read.h(52): warning C4251: 'dynamixel::GroupBulkRead::address_list_': class 'std::map<uint8_t,uint16_t,std::less<_Kty>,std::allocator<std::pair<const _Kty,_Ty>>>' needs to have dll-interface to be used by clients of class 'dynamixel::GroupBulkRead'
          with
          [
              _Kty=uint8_t,
              _Ty=uint16_t
          ]
c:\program files (x86)\v-rep3\v-rep_pro_edu\programming\v_repexter\dynamixel\c++\src\dynamixel_sdk\../../include/dynamixel_sdk/group_bulk_read.h(53): warning C4251: 'dynamixel::GroupBulkRead::length_list_': class 'std::map<uint8_t,uint16_t,std::less<_Kty>,std::allocator<std::pair<const _Kty,_Ty>>>' needs to have dll-interface to be used by clients of class 'dynamixel::GroupBulkRead'
          with
          [
              _Kty=uint8_t,
              _Ty=uint16_t
          ]
c:\program files (x86)\v-rep3\v-rep_pro_edu\programming\v_repexter\dynamixel\c++\src\dynamixel_sdk\../../include/dynamixel_sdk/group_bulk_read.h(54): warning C4251: 'dynamixel::GroupBulkRead::data_list_': class 'std::map<uint8_t,uint8_t *,std::less<_Kty>,std::allocator<std::pair<const _Kty,_Ty>>>' needs to have dll-interface to be used by clients of class 'dynamixel::GroupBulkRead'
          with
          [
              _Kty=uint8_t,
              _Ty=uint8_t *
          ]
..\..\..\src\dynamixel_sdk\group_bulk_read.cpp(148): warning C4267: 'argument': conversion from 'size_t' to 'uint16_t', possible loss of data
..\..\..\src\dynamixel_sdk\group_bulk_read.cpp(152): warning C4267: 'argument': conversion from 'size_t' to 'uint16_t', possible loss of data
..\..\..\src\dynamixel_sdk\group_bulk_read.cpp(158): warning C4267: 'initializing': conversion from 'size_t' to 'int', possible loss of data
  group_bulk_write.cpp
c:\program files (x86)\v-rep3\v-rep_pro_edu\programming\v_repexter\dynamixel\c++\src\dynamixel_sdk\../../include/dynamixel_sdk/group_bulk_write.h(51): warning C4251: 'dynamixel::GroupBulkWrite::id_list_': class 'std::vector<uint8_t,std::allocator<_Ty>>' needs to have dll-interface to be used by clients of class 'dynamixel::GroupBulkWrite'
          with
          [
              _Ty=uint8_t
          ]
c:\program files (x86)\v-rep3\v-rep_pro_edu\programming\v_repexter\dynamixel\c++\src\dynamixel_sdk\../../include/dynamixel_sdk/group_bulk_write.h(52): warning C4251: 'dynamixel::GroupBulkWrite::address_list_': class 'std::map<uint8_t,uint16_t,std::less<_Kty>,std::allocator<std::pair<const _Kty,_Ty>>>' needs to have dll-interface to be used by clients of class 'dynamixel::GroupBulkWrite'
          with
          [
              _Kty=uint8_t,
              _Ty=uint16_t
          ]
c:\program files (x86)\v-rep3\v-rep_pro_edu\programming\v_repexter\dynamixel\c++\src\dynamixel_sdk\../../include/dynamixel_sdk/group_bulk_write.h(53): warning C4251: 'dynamixel::GroupBulkWrite::length_list_': class 'std::map<uint8_t,uint16_t,std::less<_Kty>,std::allocator<std::pair<const _Kty,_Ty>>>' needs to have dll-interface to be used by clients of class 'dynamixel::GroupBulkWrite'
          with
          [
              _Kty=uint8_t,
              _Ty=uint16_t
          ]
c:\program files (x86)\v-rep3\v-rep_pro_edu\programming\v_repexter\dynamixel\c++\src\dynamixel_sdk\../../include/dynamixel_sdk/group_bulk_write.h(54): warning C4251: 'dynamixel::GroupBulkWrite::data_list_': class 'std::map<uint8_t,uint8_t *,std::less<_Kty>,std::allocator<std::pair<const _Kty,_Ty>>>' needs to have dll-interface to be used by clients of class 'dynamixel::GroupBulkWrite'
          with
          [
              _Kty=uint8_t,
              _Ty=uint8_t *
          ]
  group_sync_read.cpp
c:\program files (x86)\v-rep3\v-rep_pro_edu\programming\v_repexter\dynamixel\c++\src\dynamixel_sdk\../../include/dynamixel_sdk/group_sync_read.h(51): warning C4251: 'dynamixel::GroupSyncRead::id_list_': class 'std::vector<uint8_t,std::allocator<_Ty>>' needs to have dll-interface to be used by clients of class 'dynamixel::GroupSyncRead'
          with
          [
              _Ty=uint8_t
          ]
c:\program files (x86)\v-rep3\v-rep_pro_edu\programming\v_repexter\dynamixel\c++\src\dynamixel_sdk\../../include/dynamixel_sdk/group_sync_read.h(52): warning C4251: 'dynamixel::GroupSyncRead::data_list_': class 'std::map<uint8_t,uint8_t *,std::less<_Kty>,std::allocator<std::pair<const _Kty,_Ty>>>' needs to have dll-interface to be used by clients of class 'dynamixel::GroupSyncRead'
          with
          [
              _Kty=uint8_t,
              _Ty=uint8_t *
          ]
..\..\..\src\dynamixel_sdk\group_sync_read.cpp(132): warning C4267: 'initializing': conversion from 'size_t' to 'int', possible loss of data
  group_sync_write.cpp
c:\program files (x86)\v-rep3\v-rep_pro_edu\programming\v_repexter\dynamixel\c++\src\dynamixel_sdk\../../include/dynamixel_sdk/group_sync_write.h(51): warning C4251: 'dynamixel::GroupSyncWrite::id_list_': class 'std::vector<uint8_t,std::allocator<_Ty>>' needs to have dll-interface to be used by clients of class 'dynamixel::GroupSyncWrite'
          with
          [
              _Ty=uint8_t
          ]
c:\program files (x86)\v-rep3\v-rep_pro_edu\programming\v_repexter\dynamixel\c++\src\dynamixel_sdk\../../include/dynamixel_sdk/group_sync_write.h(52): warning C4251: 'dynamixel::GroupSyncWrite::data_list_': class 'std::map<uint8_t,uint8_t *,std::less<_Kty>,std::allocator<std::pair<const _Kty,_Ty>>>' needs to have dll-interface to be used by clients of class 'dynamixel::GroupSyncWrite'
          with
          [
              _Kty=uint8_t,
              _Ty=uint8_t *
          ]
..\..\..\src\dynamixel_sdk\group_sync_write.cpp(141): warning C4267: 'argument': conversion from 'size_t' to 'uint16_t', possible loss of data
  packet_handler.cpp
  port_handler.cpp
  protocol1_packet_handler.cpp
..\..\..\src\dynamixel_sdk\protocol1_packet_handler.cpp(674): warning C4244: '=': conversion from 'uint16_t' to 'uint8_t', possible loss of data
..\..\..\src\dynamixel_sdk\protocol1_packet_handler.cpp(675): warning C4244: '=': conversion from 'uint16_t' to 'uint8_t', possible loss of data
  protocol2_packet_handler.cpp
  port_handler_windows.cpp
..\..\..\src\dynamixel_sdk_windows\port_handler_windows.cpp(59): warning C4474: 'sprintf_s' : too many arguments passed for format string
  ..\..\..\src\dynamixel_sdk_windows\port_handler_windows.cpp(59): note: placeholders and their parameters expect 0 variadic arguments, but 1 were provided
     Creating library C:\Program Files (x86)\V-REP3\V-REP_PRO_EDU\programming\v_repExtER\dynamixel\c++\build\win64\output\dxl_x64_cpp.lib and object C:\Program Files (x86)\V-REP3\V-REP_PRO_EDU\programming\v_repExtER\dynamixel\c++\build\win64\output\dxl_x64_cpp.exp
  Generating code
  0 of 656 functions ( 0.0%) were compiled, the rest were copied from previous compilation.
    0 functions were new in current compilation
    0 functions had inline decision re-evaluated but remain unchanged
  Finished generating code
  dxl_x64_cpp.vcxproj -> C:\Program Files (x86)\V-REP3\V-REP_PRO_EDU\programming\v_repExtER\dynamixel\c++\build\win64\output\dxl_x64_cpp.dll
