  dxl_monitor.cpp
c:\flora-robotica\dynamixelsdk-master\c++\include\dynamixel_sdk/group_bulk_read.h(51): warning C4251: 'dynamixel::GroupBulkRead::id_list_': class 'std::vector<uint8_t,std::allocator<_Ty>>' needs to have dll-interface to be used by clients of class 'dynamixel::GroupBulkRead'
          with
          [
              _Ty=uint8_t
          ]
c:\flora-robotica\dynamixelsdk-master\c++\include\dynamixel_sdk/group_bulk_read.h(52): warning C4251: 'dynamixel::GroupBulkRead::address_list_': class 'std::map<uint8_t,uint16_t,std::less<_Kty>,std::allocator<std::pair<const _Kty,_Ty>>>' needs to have dll-interface to be used by clients of class 'dynamixel::GroupBulkRead'
          with
          [
              _Kty=uint8_t,
              _Ty=uint16_t
          ]
c:\flora-robotica\dynamixelsdk-master\c++\include\dynamixel_sdk/group_bulk_read.h(53): warning C4251: 'dynamixel::GroupBulkRead::length_list_': class 'std::map<uint8_t,uint16_t,std::less<_Kty>,std::allocator<std::pair<const _Kty,_Ty>>>' needs to have dll-interface to be used by clients of class 'dynamixel::GroupBulkRead'
          with
          [
              _Kty=uint8_t,
              _Ty=uint16_t
          ]
c:\flora-robotica\dynamixelsdk-master\c++\include\dynamixel_sdk/group_bulk_read.h(54): warning C4251: 'dynamixel::GroupBulkRead::data_list_': class 'std::map<uint8_t,uint8_t *,std::less<_Kty>,std::allocator<std::pair<const _Kty,_Ty>>>' needs to have dll-interface to be used by clients of class 'dynamixel::GroupBulkRead'
          with
          [
              _Kty=uint8_t,
              _Ty=uint8_t *
          ]
c:\flora-robotica\dynamixelsdk-master\c++\include\dynamixel_sdk/group_bulk_write.h(51): warning C4251: 'dynamixel::GroupBulkWrite::id_list_': class 'std::vector<uint8_t,std::allocator<_Ty>>' needs to have dll-interface to be used by clients of class 'dynamixel::GroupBulkWrite'
          with
          [
              _Ty=uint8_t
          ]
c:\flora-robotica\dynamixelsdk-master\c++\include\dynamixel_sdk/group_bulk_write.h(52): warning C4251: 'dynamixel::GroupBulkWrite::address_list_': class 'std::map<uint8_t,uint16_t,std::less<_Kty>,std::allocator<std::pair<const _Kty,_Ty>>>' needs to have dll-interface to be used by clients of class 'dynamixel::GroupBulkWrite'
          with
          [
              _Kty=uint8_t,
              _Ty=uint16_t
          ]
c:\flora-robotica\dynamixelsdk-master\c++\include\dynamixel_sdk/group_bulk_write.h(53): warning C4251: 'dynamixel::GroupBulkWrite::length_list_': class 'std::map<uint8_t,uint16_t,std::less<_Kty>,std::allocator<std::pair<const _Kty,_Ty>>>' needs to have dll-interface to be used by clients of class 'dynamixel::GroupBulkWrite'
          with
          [
              _Kty=uint8_t,
              _Ty=uint16_t
          ]
c:\flora-robotica\dynamixelsdk-master\c++\include\dynamixel_sdk/group_bulk_write.h(54): warning C4251: 'dynamixel::GroupBulkWrite::data_list_': class 'std::map<uint8_t,uint8_t *,std::less<_Kty>,std::allocator<std::pair<const _Kty,_Ty>>>' needs to have dll-interface to be used by clients of class 'dynamixel::GroupBulkWrite'
          with
          [
              _Kty=uint8_t,
              _Ty=uint8_t *
          ]
c:\flora-robotica\dynamixelsdk-master\c++\include\dynamixel_sdk/group_sync_read.h(51): warning C4251: 'dynamixel::GroupSyncRead::id_list_': class 'std::vector<uint8_t,std::allocator<_Ty>>' needs to have dll-interface to be used by clients of class 'dynamixel::GroupSyncRead'
          with
          [
              _Ty=uint8_t
          ]
c:\flora-robotica\dynamixelsdk-master\c++\include\dynamixel_sdk/group_sync_read.h(52): warning C4251: 'dynamixel::GroupSyncRead::data_list_': class 'std::map<uint8_t,uint8_t *,std::less<_Kty>,std::allocator<std::pair<const _Kty,_Ty>>>' needs to have dll-interface to be used by clients of class 'dynamixel::GroupSyncRead'
          with
          [
              _Kty=uint8_t,
              _Ty=uint8_t *
          ]
c:\flora-robotica\dynamixelsdk-master\c++\include\dynamixel_sdk/group_sync_write.h(51): warning C4251: 'dynamixel::GroupSyncWrite::id_list_': class 'std::vector<uint8_t,std::allocator<_Ty>>' needs to have dll-interface to be used by clients of class 'dynamixel::GroupSyncWrite'
          with
          [
              _Ty=uint8_t
          ]
c:\flora-robotica\dynamixelsdk-master\c++\include\dynamixel_sdk/group_sync_write.h(52): warning C4251: 'dynamixel::GroupSyncWrite::data_list_': class 'std::map<uint8_t,uint8_t *,std::less<_Kty>,std::allocator<std::pair<const _Kty,_Ty>>>' needs to have dll-interface to be used by clients of class 'dynamixel::GroupSyncWrite'
          with
          [
              _Kty=uint8_t,
              _Ty=uint8_t *
          ]
..\..\dxl_monitor.cpp(67): warning C4273: 'getch': inconsistent dll linkage
  C:\Program Files (x86)\Windows Kits\10\Include\10.0.10240.0\ucrt\conio.h(452): note: see previous definition of 'getch'
..\..\dxl_monitor.cpp(84): warning C4273: 'kbhit': inconsistent dll linkage
  C:\Program Files (x86)\Windows Kits\10\Include\10.0.10240.0\ucrt\conio.h(458): note: see previous definition of 'kbhit'
..\..\dxl_monitor.cpp(117): warning C4473: 'printf' : not enough arguments passed for format string
  ..\..\dxl_monitor.cpp(117): note: placeholders and their parameters expect 1 variadic arguments, but 0 were provided
  ..\..\dxl_monitor.cpp(117): note: the missing variadic argument 1 is required by format string '%s'
..\..\dxl_monitor.cpp(119): warning C4474: 'printf' : too many arguments passed for format string
  ..\..\dxl_monitor.cpp(119): note: placeholders and their parameters expect 0 variadic arguments, but 1 were provided
..\..\dxl_monitor.cpp(184): warning C4996: 'kbhit': The POSIX name for this item is deprecated. Instead, use the ISO C and C++ conformant name: _kbhit. See online help for details.
  ..\..\dxl_monitor.cpp(83): note: see declaration of 'kbhit'
..\..\dxl_monitor.cpp(186): warning C4996: 'getch': The POSIX name for this item is deprecated. Instead, use the ISO C and C++ conformant name: _getch. See online help for details.
  ..\..\dxl_monitor.cpp(66): note: see declaration of 'getch'
..\..\dxl_monitor.cpp(206): warning C4996: 'kbhit': The POSIX name for this item is deprecated. Instead, use the ISO C and C++ conformant name: _kbhit. See online help for details.
  ..\..\dxl_monitor.cpp(83): note: see declaration of 'kbhit'
..\..\dxl_monitor.cpp(208): warning C4996: 'getch': The POSIX name for this item is deprecated. Instead, use the ISO C and C++ conformant name: _getch. See online help for details.
  ..\..\dxl_monitor.cpp(66): note: see declaration of 'getch'
..\..\dxl_monitor.cpp(430): warning C4996: 'strcpy': This function or variable may be unsafe. Consider using strcpy_s instead. To disable deprecation, use _CRT_SECURE_NO_WARNINGS. See online help for details.
  C:\Program Files (x86)\Windows Kits\10\Include\10.0.10240.0\ucrt\string.h(119): note: see declaration of 'strcpy'
..\..\dxl_monitor.cpp(435): warning C4996: 'strcpy': This function or variable may be unsafe. Consider using strcpy_s instead. To disable deprecation, use _CRT_SECURE_NO_WARNINGS. See online help for details.
  C:\Program Files (x86)\Windows Kits\10\Include\10.0.10240.0\ucrt\string.h(119): note: see declaration of 'strcpy'
..\..\dxl_monitor.cpp(405): warning C4996: 'getch': The POSIX name for this item is deprecated. Instead, use the ISO C and C++ conformant name: _getch. See online help for details.
  ..\..\dxl_monitor.cpp(66): note: see declaration of 'getch'
..\..\dxl_monitor.cpp(426): warning C4996: 'strtok': This function or variable may be unsafe. Consider using strtok_s instead. To disable deprecation, use _CRT_SECURE_NO_WARNINGS. See online help for details.
  C:\Program Files (x86)\Windows Kits\10\Include\10.0.10240.0\ucrt\string.h(453): note: see declaration of 'strtok'
..\..\dxl_monitor.cpp(431): warning C4996: 'strtok': This function or variable may be unsafe. Consider using strtok_s instead. To disable deprecation, use _CRT_SECURE_NO_WARNINGS. See online help for details.
  C:\Program Files (x86)\Windows Kits\10\Include\10.0.10240.0\ucrt\string.h(453): note: see declaration of 'strtok'
..\..\dxl_monitor.cpp(436): warning C4996: 'strtok': This function or variable may be unsafe. Consider using strtok_s instead. To disable deprecation, use _CRT_SECURE_NO_WARNINGS. See online help for details.
  C:\Program Files (x86)\Windows Kits\10\Include\10.0.10240.0\ucrt\string.h(453): note: see declaration of 'strtok'
     Creating library C:\FLORA-ROBOTICA\DynamixelSDK-master\c++\example\dxl_monitor\win64\Release\dxl_monitor.lib and object C:\FLORA-ROBOTICA\DynamixelSDK-master\c++\example\dxl_monitor\win64\Release\dxl_monitor.exp
  Generating code
  1 of 47 functions ( 2.1%) were compiled, the rest were copied from previous compilation.
    0 functions were new in current compilation
    0 functions had inline decision re-evaluated but remain unchanged
  Finished generating code
  dxl_monitor.vcxproj -> C:\FLORA-ROBOTICA\DynamixelSDK-master\c++\example\dxl_monitor\win64\Release\dxl_monitor.exe
