c:\program files\v-rep3\v-rep_pro_edu\programming\v_repexter_minimal\build\er_library.dir\debug\er_library.pdb
c:\program files\v-rep3\v-rep_pro_edu\programming\v_repexter_minimal\build\er_library.dir\debug\environmentfactory.obj
c:\program files\v-rep3\v-rep_pro_edu\programming\v_repexter_minimal\build\er_library.dir\debug\environment.obj
c:\program files\v-rep3\v-rep_pro_edu\programming\v_repexter_minimal\build\er_library.dir\debug\constrainedsunenv.obj
c:\program files\v-rep3\v-rep_pro_edu\programming\v_repexter_minimal\build\er_library.dir\debug\blockingsunenv.obj
c:\program files\v-rep3\v-rep_pro_edu\programming\v_repexter_minimal\build\er_library.dir\debug\basicsunenv.obj
c:\program files\v-rep3\v-rep_pro_edu\programming\v_repexter_minimal\build\er_library.dir\debug\ea.obj
c:\program files\v-rep3\v-rep_pro_edu\programming\v_repexter_minimal\build\er_library.dir\debug\ea_vrep.obj
c:\program files\v-rep3\v-rep_pro_edu\programming\v_repexter_minimal\build\er_library.dir\debug\ea_steadystate.obj
c:\program files\v-rep3\v-rep_pro_edu\programming\v_repexter_minimal\build\er_library.dir\debug\ea_generational.obj
c:\program files\v-rep3\v-rep_pro_edu\programming\v_repexter_minimal\build\er_library.dir\debug\ea_factory.obj
c:\program files\v-rep3\v-rep_pro_edu\programming\v_repexter_minimal\build\er_library.dir\debug\defaultgenomevrep.obj
c:\program files\v-rep3\v-rep_pro_edu\programming\v_repexter_minimal\build\er_library.dir\debug\defaultgenome.obj
c:\program files\v-rep3\v-rep_pro_edu\programming\v_repexter_minimal\build\er_library.dir\debug\simplecontrol.obj
c:\program files\v-rep3\v-rep_pro_edu\programming\v_repexter_minimal\build\er_library.dir\debug\customann.obj
c:\program files\v-rep3\v-rep_pro_edu\programming\v_repexter_minimal\build\er_library.dir\debug\cppn.obj
c:\program files\v-rep3\v-rep_pro_edu\programming\v_repexter_minimal\build\er_library.dir\debug\controlfactory.obj
c:\program files\v-rep3\v-rep_pro_edu\programming\v_repexter_minimal\build\er_library.dir\debug\control.obj
c:\program files\v-rep3\v-rep_pro_edu\programming\v_repexter_minimal\build\er_library.dir\debug\ann.obj
c:\program files\v-rep3\v-rep_pro_edu\programming\v_repexter_minimal\build\er_library.dir\debug\collisiondetector.obj
c:\program files\v-rep3\v-rep_pro_edu\programming\v_repexter_minimal\build\er_library.dir\debug\v_replib.obj
c:\program files\v-rep3\v-rep_pro_edu\programming\v_repexter_minimal\build\er_library.dir\debug\cat.obj
c:\program files\v-rep3\v-rep_pro_edu\programming\v_repexter_minimal\build\er_library.dir\debug\basemorphology.obj
c:\program files\v-rep3\v-rep_pro_edu\programming\v_repexter_minimal\build\er_library.dir\debug\modulefactory.obj
c:\program files\v-rep3\v-rep_pro_edu\programming\v_repexter_minimal\build\er_library.dir\debug\module_solar.obj
c:\program files\v-rep3\v-rep_pro_edu\programming\v_repexter_minimal\build\er_library.dir\debug\module_servo.obj
c:\program files\v-rep3\v-rep_pro_edu\programming\v_repexter_minimal\build\er_library.dir\debug\module_leafchloe.obj
c:\program files\v-rep3\v-rep_pro_edu\programming\v_repexter_minimal\build\er_library.dir\debug\module_leaf.obj
c:\program files\v-rep3\v-rep_pro_edu\programming\v_repexter_minimal\build\er_library.dir\debug\module_cube.obj
c:\program files\v-rep3\v-rep_pro_edu\programming\v_repexter_minimal\build\er_library.dir\debug\module_aplantbase.obj
c:\program files\v-rep3\v-rep_pro_edu\programming\v_repexter_minimal\build\er_library.dir\debug\er_module.obj
c:\program files\v-rep3\v-rep_pro_edu\programming\v_repexter_minimal\build\er_library.dir\debug\genomefactoryvrep.obj
c:\program files\v-rep3\v-rep_pro_edu\programming\v_repexter_minimal\build\er_library.dir\debug\genomefactory.obj
c:\program files\v-rep3\v-rep_pro_edu\programming\v_repexter_minimal\build\er_library.dir\debug\genome.obj
c:\program files\v-rep3\v-rep_pro_edu\programming\v_repexter_minimal\build\er_library.dir\debug\er.obj
c:\program files\v-rep3\v-rep_pro_edu\programming\v_repexter_minimal\build\er_library.dir\debug\er_vrep.obj
c:\program files\v-rep3\v-rep_pro_edu\programming\v_repexter_minimal\build\er_library.dir\debug\waterenv.obj
c:\program files\v-rep3\v-rep_pro_edu\programming\v_repexter_minimal\build\er_library.dir\debug\roughmoveenv.obj
c:\program files\v-rep3\v-rep_pro_edu\programming\v_repexter_minimal\build\er_library.dir\debug\movingsunenv.obj
c:\program files\v-rep3\v-rep_pro_edu\programming\v_repexter_minimal\build\er_library.dir\debug\moveenv.obj
c:\program files\v-rep3\v-rep_pro_edu\programming\v_repexter_minimal\build\er_library.dir\debug\moveandsun.obj
c:\program files\v-rep3\v-rep_pro_edu\programming\v_repexter_minimal\build\er_library.dir\debug\inputneuron.obj
c:\program files\v-rep3\v-rep_pro_edu\programming\v_repexter_minimal\build\er_library.dir\debug\functionneuron.obj
c:\program files\v-rep3\v-rep_pro_edu\programming\v_repexter_minimal\build\er_library.dir\debug\cpgneuron.obj
c:\program files\v-rep3\v-rep_pro_edu\programming\v_repexter_minimal\build\er_library.dir\debug\morphologyfactoryvrep.obj
c:\program files\v-rep3\v-rep_pro_edu\programming\v_repexter_minimal\build\er_library.dir\debug\morphologyfactory.obj
c:\program files\v-rep3\v-rep_pro_edu\programming\v_repexter_minimal\build\er_library.dir\debug\morphology.obj
c:\program files\v-rep3\v-rep_pro_edu\programming\v_repexter_minimal\build\er_library.dir\debug\fixedbasemorphology.obj
c:\program files\v-rep3\v-rep_pro_edu\programming\v_repexter_minimal\build\er_library.dir\debug\er_lsysteminterpreter.obj
c:\program files\v-rep3\v-rep_pro_edu\programming\v_repexter_minimal\build\er_library.dir\debug\er_lsystem.obj
c:\program files\v-rep3\v-rep_pro_edu\programming\v_repexter_minimal\build\er_library.dir\debug\er_directencodinginterpreter.obj
c:\program files\v-rep3\v-rep_pro_edu\programming\v_repexter_minimal\build\er_library.dir\debug\er_directencoding.obj
c:\program files\v-rep3\v-rep_pro_edu\programming\v_repexter_minimal\build\er_library.dir\debug\er_cppn.obj
c:\program files\v-rep3\v-rep_pro_edu\programming\v_repexter_minimal\build\er_library.dir\debug\er_cppn_interpreter.obj
c:\program files\v-rep3\v-rep_pro_edu\programming\v_repexter_minimal\build\er_library.dir\debug\er_cppn_encoding.obj
c:\program files\v-rep3\v-rep_pro_edu\programming\v_repexter_minimal\build\er_library.dir\debug\edgarsamazingmorphologyclassvrep.obj
c:\program files\v-rep3\v-rep_pro_edu\programming\v_repexter_minimal\build\er_library.dir\debug\edgarsamazingmorphologyclass.obj
c:\program files\v-rep3\v-rep_pro_edu\programming\v_repexter_minimal\build\er_library.dir\debug\development.obj
c:\program files\v-rep3\v-rep_pro_edu\programming\v_repexter_minimal\build\er_library.dir\debug\custommorphologyvrep.obj
c:\program files\v-rep3\v-rep_pro_edu\programming\v_repexter_minimal\build\er_library.dir\debug\custommorphology.obj
c:\program files\v-rep3\v-rep_pro_edu\programming\v_repexter_minimal\build\er_library.dir\debug\catvrep.obj
c:\program files\v-rep3\v-rep_pro_edu\programming\v_repexter_minimal\build\er_library.dir\debug\randnum.obj
c:\program files\v-rep3\v-rep_pro_edu\programming\v_repexter_minimal\build\er_library.dir\debug\vrepui.obj
c:\program files\v-rep3\v-rep_pro_edu\programming\v_repexter_minimal\build\er_library.dir\debug\settings.obj
c:\program files\v-rep3\v-rep_pro_edu\programming\v_repexter_minimal\build\er_library.dir\debug\simpleneuron.obj
c:\program files\v-rep3\v-rep_pro_edu\programming\v_repexter_minimal\build\er_library.dir\debug\patternneuron.obj
c:\program files\v-rep3\v-rep_pro_edu\programming\v_repexter_minimal\build\er_library.dir\debug\outputneuron.obj
c:\program files\v-rep3\v-rep_pro_edu\programming\v_repexter_minimal\build\er_library.dir\debug\neuronfactory.obj
c:\program files\v-rep3\v-rep_pro_edu\programming\v_repexter_minimal\build\er_library.dir\debug\neuron.obj
c:\program files\v-rep3\v-rep_pro_edu\programming\v_repexter_minimal\build\cmakefiles\generate.stamp
c:\program files\v-rep3\v-rep_pro_edu\er_library.lib
c:\program files\v-rep3\v-rep_pro_edu\er_library.pdb
c:\program files\v-rep3\v-rep_pro_edu\programming\v_repexter_minimal\build\er_library.dir\debug\er_library.tlog\cl.command.1.tlog
c:\program files\v-rep3\v-rep_pro_edu\programming\v_repexter_minimal\build\er_library.dir\debug\er_library.tlog\cl.read.1.tlog
c:\program files\v-rep3\v-rep_pro_edu\programming\v_repexter_minimal\build\er_library.dir\debug\er_library.tlog\cl.write.1.tlog
c:\program files\v-rep3\v-rep_pro_edu\programming\v_repexter_minimal\build\er_library.dir\debug\er_library.tlog\custombuild.command.1.tlog
c:\program files\v-rep3\v-rep_pro_edu\programming\v_repexter_minimal\build\er_library.dir\debug\er_library.tlog\custombuild.read.1.tlog
c:\program files\v-rep3\v-rep_pro_edu\programming\v_repexter_minimal\build\er_library.dir\debug\er_library.tlog\custombuild.write.1.tlog
c:\program files\v-rep3\v-rep_pro_edu\programming\v_repexter_minimal\build\er_library.dir\debug\er_library.tlog\lib-link.read.1.tlog
c:\program files\v-rep3\v-rep_pro_edu\programming\v_repexter_minimal\build\er_library.dir\debug\er_library.tlog\lib-link.write.1.tlog
c:\program files\v-rep3\v-rep_pro_edu\programming\v_repexter_minimal\build\er_library.dir\debug\er_library.tlog\lib.command.1.tlog
