c:\flora-robotica\dynamixelsdk-master\c++\build\win32\dxl_x86_cpp\release\vc140.pdb
c:\flora-robotica\dynamixelsdk-master\c++\build\win32\dxl_x86_cpp\release\port_handler_windows.obj
c:\flora-robotica\dynamixelsdk-master\c++\build\win32\dxl_x86_cpp\release\protocol2_packet_handler.obj
c:\flora-robotica\dynamixelsdk-master\c++\build\win32\dxl_x86_cpp\release\protocol1_packet_handler.obj
c:\flora-robotica\dynamixelsdk-master\c++\build\win32\dxl_x86_cpp\release\port_handler.obj
c:\flora-robotica\dynamixelsdk-master\c++\build\win32\dxl_x86_cpp\release\packet_handler.obj
c:\flora-robotica\dynamixelsdk-master\c++\build\win32\dxl_x86_cpp\release\group_sync_write.obj
c:\flora-robotica\dynamixelsdk-master\c++\build\win32\dxl_x86_cpp\release\group_sync_read.obj
c:\flora-robotica\dynamixelsdk-master\c++\build\win32\dxl_x86_cpp\release\group_bulk_write.obj
c:\flora-robotica\dynamixelsdk-master\c++\build\win32\dxl_x86_cpp\release\group_bulk_read.obj
c:\program files (x86)\v-rep3\v-rep_pro_edu\programming\v_repexter\dynamixel\c++\build\win32\dxl_x86_cpp\release\vc140.pdb
c:\program files (x86)\v-rep3\v-rep_pro_edu\programming\v_repexter\dynamixel\c++\build\win32\dxl_x86_cpp\release\port_handler_windows.obj
c:\program files (x86)\v-rep3\v-rep_pro_edu\programming\v_repexter\dynamixel\c++\build\win32\dxl_x86_cpp\release\protocol2_packet_handler.obj
c:\program files (x86)\v-rep3\v-rep_pro_edu\programming\v_repexter\dynamixel\c++\build\win32\dxl_x86_cpp\release\protocol1_packet_handler.obj
c:\program files (x86)\v-rep3\v-rep_pro_edu\programming\v_repexter\dynamixel\c++\build\win32\dxl_x86_cpp\release\port_handler.obj
c:\program files (x86)\v-rep3\v-rep_pro_edu\programming\v_repexter\dynamixel\c++\build\win32\dxl_x86_cpp\release\packet_handler.obj
c:\program files (x86)\v-rep3\v-rep_pro_edu\programming\v_repexter\dynamixel\c++\build\win32\dxl_x86_cpp\release\group_sync_write.obj
c:\program files (x86)\v-rep3\v-rep_pro_edu\programming\v_repexter\dynamixel\c++\build\win32\dxl_x86_cpp\release\group_sync_read.obj
c:\program files (x86)\v-rep3\v-rep_pro_edu\programming\v_repexter\dynamixel\c++\build\win32\dxl_x86_cpp\release\group_bulk_write.obj
c:\program files (x86)\v-rep3\v-rep_pro_edu\programming\v_repexter\dynamixel\c++\build\win32\dxl_x86_cpp\release\group_bulk_read.obj
c:\flora-robotica\dynamixelsdk-master\c++\build\win32\output\dxl_x86_cpp.lib
c:\flora-robotica\dynamixelsdk-master\c++\build\win32\output\dxl_x86_cpp.exp
c:\program files (x86)\v-rep3\v-rep_pro_edu\programming\v_repexter\dynamixel\c++\build\win32\output\dxl_x86_cpp.lib
c:\program files (x86)\v-rep3\v-rep_pro_edu\programming\v_repexter\dynamixel\c++\build\win32\output\dxl_x86_cpp.exp
c:\program files (x86)\v-rep3\v-rep_pro_edu\programming\v_repexter\dynamixel\c++\build\win32\output\dxl_x86_cpp.dll
c:\program files (x86)\v-rep3\v-rep_pro_edu\programming\v_repexter\dynamixel\c++\build\win32\output\dxl_x86_cpp.ipdb
c:\program files (x86)\v-rep3\v-rep_pro_edu\programming\v_repexter\dynamixel\c++\build\win32\output\dxl_x86_cpp.iobj
c:\program files (x86)\v-rep3\v-rep_pro_edu\programming\v_repexter\dynamixel\c++\build\win32\output\dxl_x86_cpp.pdb
c:\program files (x86)\v-rep3\v-rep_pro_edu\programming\v_repexter\dynamixel\c++\build\win32\dxl_x86_cpp\release\dxl_x86_cpp.tlog\cl.command.1.tlog
c:\program files (x86)\v-rep3\v-rep_pro_edu\programming\v_repexter\dynamixel\c++\build\win32\dxl_x86_cpp\release\dxl_x86_cpp.tlog\cl.read.1.tlog
c:\program files (x86)\v-rep3\v-rep_pro_edu\programming\v_repexter\dynamixel\c++\build\win32\dxl_x86_cpp\release\dxl_x86_cpp.tlog\cl.write.1.tlog
c:\program files (x86)\v-rep3\v-rep_pro_edu\programming\v_repexter\dynamixel\c++\build\win32\dxl_x86_cpp\release\dxl_x86_cpp.tlog\dxl_x86_cpp.write.1u.tlog
c:\program files (x86)\v-rep3\v-rep_pro_edu\programming\v_repexter\dynamixel\c++\build\win32\dxl_x86_cpp\release\dxl_x86_cpp.tlog\link.command.1.tlog
c:\program files (x86)\v-rep3\v-rep_pro_edu\programming\v_repexter\dynamixel\c++\build\win32\dxl_x86_cpp\release\dxl_x86_cpp.tlog\link.read.1.tlog
c:\program files (x86)\v-rep3\v-rep_pro_edu\programming\v_repexter\dynamixel\c++\build\win32\dxl_x86_cpp\release\dxl_x86_cpp.tlog\link.write.1.tlog
