c:\program files\v-rep3\v-rep_pro_edu\programming\v_repexter_minimal\build\erclient\erclient.dir\debug\vc141.pdb
c:\program files\v-rep3\v-rep_pro_edu\programming\v_repexter_minimal\build\erclient\erclient.dir\debug\erclient.obj
c:\program files\v-rep3\v-rep_pro_edu\programming\v_repexter_minimal\build\erclient\erclient.dir\debug\clientea.obj
c:\program files\v-rep3\v-rep_pro_edu\programming\v_repexter_minimal\build\erclient\erclient.dir\debug\shared_memory.obj
c:\program files\v-rep3\v-rep_pro_edu\programming\v_repexter_minimal\build\erclient\erclient.dir\debug\extapiplatform.obj
c:\program files\v-rep3\v-rep_pro_edu\programming\v_repexter_minimal\build\erclient\erclient.dir\debug\extapi.obj
c:\program files\v-rep3\v-rep_pro_edu\programming\v_repexter_minimal\build\erclient\cmakefiles\generate.stamp
c:\program files\v-rep3\v-rep_pro_edu\programming\v_repexter_minimal\build\erclient\debug\erclient.lib
c:\program files\v-rep3\v-rep_pro_edu\programming\v_repexter_minimal\build\erclient\debug\erclient.exp
c:\program files\v-rep3\v-rep_pro_edu\programming\v_repexter_minimal\build\erclient\debug\erclient.exe
c:\program files\v-rep3\v-rep_pro_edu\programming\v_repexter_minimal\build\erclient\debug\erclient.ilk
c:\program files\v-rep3\v-rep_pro_edu\programming\v_repexter_minimal\build\erclient\debug\erclient.pdb
c:\program files\v-rep3\v-rep_pro_edu\programming\v_repexter_minimal\build\erclient\erclient.dir\debug\erclient.tlog\cl.command.1.tlog
c:\program files\v-rep3\v-rep_pro_edu\programming\v_repexter_minimal\build\erclient\erclient.dir\debug\erclient.tlog\cl.read.1.tlog
c:\program files\v-rep3\v-rep_pro_edu\programming\v_repexter_minimal\build\erclient\erclient.dir\debug\erclient.tlog\cl.write.1.tlog
c:\program files\v-rep3\v-rep_pro_edu\programming\v_repexter_minimal\build\erclient\erclient.dir\debug\erclient.tlog\custombuild.command.1.tlog
c:\program files\v-rep3\v-rep_pro_edu\programming\v_repexter_minimal\build\erclient\erclient.dir\debug\erclient.tlog\custombuild.read.1.tlog
c:\program files\v-rep3\v-rep_pro_edu\programming\v_repexter_minimal\build\erclient\erclient.dir\debug\erclient.tlog\custombuild.write.1.tlog
c:\program files\v-rep3\v-rep_pro_edu\programming\v_repexter_minimal\build\erclient\erclient.dir\debug\erclient.tlog\erclient.write.1u.tlog
c:\program files\v-rep3\v-rep_pro_edu\programming\v_repexter_minimal\build\erclient\erclient.dir\debug\erclient.tlog\link.command.1.tlog
c:\program files\v-rep3\v-rep_pro_edu\programming\v_repexter_minimal\build\erclient\erclient.dir\debug\erclient.tlog\link.read.1.tlog
c:\program files\v-rep3\v-rep_pro_edu\programming\v_repexter_minimal\build\erclient\erclient.dir\debug\erclient.tlog\link.write.1.tlog
