c:\program files\v-rep3\v-rep_pro_edu\programming\v_repexter_minimal\build\v_repexter.dir\debug\vc141.pdb
c:\program files\v-rep3\v-rep_pro_edu\programming\v_repexter_minimal\build\v_repexter.dir\debug\v_repexter.obj
c:\program files\v-rep3\v-rep_pro_edu\programming\v_repexter_minimal\build\cmakefiles\generate.stamp
c:\program files\v-rep3\v-rep_pro_edu\v_repexter.ilk
c:\program files\v-rep3\v-rep_pro_edu\v_repexter.dll
c:\program files\v-rep3\v-rep_pro_edu\programming\v_repexter_minimal\build\debug\v_repexter.pdb
c:\program files\v-rep3\v-rep_pro_edu\programming\v_repexter_minimal\build\debug\v_repexter.lib
c:\program files\v-rep3\v-rep_pro_edu\programming\v_repexter_minimal\build\debug\v_repexter.exp
c:\program files\v-rep3\v-rep_pro_edu\v_repexter.lib
c:\program files\v-rep3\v-rep_pro_edu\v_repexter.exp
c:\program files\v-rep3\v-rep_pro_edu\programming\v_repexter_minimal\build\v_repexter.dir\debug\v_repexter.tlog\cl.command.1.tlog
c:\program files\v-rep3\v-rep_pro_edu\programming\v_repexter_minimal\build\v_repexter.dir\debug\v_repexter.tlog\cl.read.1.tlog
c:\program files\v-rep3\v-rep_pro_edu\programming\v_repexter_minimal\build\v_repexter.dir\debug\v_repexter.tlog\cl.write.1.tlog
c:\program files\v-rep3\v-rep_pro_edu\programming\v_repexter_minimal\build\v_repexter.dir\debug\v_repexter.tlog\custombuild.command.1.tlog
c:\program files\v-rep3\v-rep_pro_edu\programming\v_repexter_minimal\build\v_repexter.dir\debug\v_repexter.tlog\custombuild.read.1.tlog
c:\program files\v-rep3\v-rep_pro_edu\programming\v_repexter_minimal\build\v_repexter.dir\debug\v_repexter.tlog\custombuild.write.1.tlog
c:\program files\v-rep3\v-rep_pro_edu\programming\v_repexter_minimal\build\v_repexter.dir\debug\v_repexter.tlog\link.command.1.tlog
c:\program files\v-rep3\v-rep_pro_edu\programming\v_repexter_minimal\build\v_repexter.dir\debug\v_repexter.tlog\link.read.1.tlog
c:\program files\v-rep3\v-rep_pro_edu\programming\v_repexter_minimal\build\v_repexter.dir\debug\v_repexter.tlog\link.write.1.tlog
c:\program files\v-rep3\v-rep_pro_edu\programming\v_repexter_minimal\build\v_repexter.dir\debug\v_repexter.tlog\v_repexter.write.1u.tlog
